<?xml version="1.0" encoding="UTF-8"?>
<!-- Generated by org.testng.reporters.JUnitXMLReporter -->
<testsuite hostname="MLIVE-LP00951" name="TestNgSeleniumTest" tests="2" failures="1" timestamp="30 Dec 2015 21:11:58 GMT" time="15.372" errors="0">
  <testcase name="searchTestNGInJCG" time="10.713" classname="com.javacodegeeks.testng.selenium.TestNGSeleniumDependentMethodExample">
    <failure type="org.openqa.selenium.TimeoutException" message="Timed out after 10 seconds waiting for com.javacodegeeks.testng.selenium.TestNGSeleniumDependentMethodExample$2@5f031ebd
Build info: version: &amp;apos;2.48.2&amp;apos;, revision: &amp;apos;41bccdd&amp;apos;, time: &amp;apos;2015-10-09 19:55:52&amp;apos;
System info: host: &amp;apos;MLIVE-LP00951&amp;apos;, ip: &amp;apos;192.168.56.1&amp;apos;, os.name: &amp;apos;Windows 7&amp;apos;, os.arch: &amp;apos;amd64&amp;apos;, os.version: &amp;apos;6.1&amp;apos;, java.version: &amp;apos;1.8.0_65&amp;apos;
Driver info: org.openqa.selenium.firefox.FirefoxDriver
Capabilities [{applicationCacheEnabled=true, rotatable=false, handlesAlerts=true, databaseEnabled=true, version=43.0.1, platform=WINDOWS, nativeEvents=false, acceptSslCerts=true, webStorageEnabled=true, locationContextEnabled=true, browserName=firefox, takesScreenshot=true, javascriptEnabled=true, cssSelectorsEnabled=true}]
Session ID: e22a9f8b-ae31-40a9-86a3-043d702eca7b">
      <![CDATA[org.openqa.selenium.TimeoutException: Timed out after 10 seconds waiting for com.javacodegeeks.testng.selenium.TestNGSeleniumDependentMethodExample$2@5f031ebd
Build info: version: '2.48.2', revision: '41bccdd', time: '2015-10-09 19:55:52'
System info: host: 'MLIVE-LP00951', ip: '192.168.56.1', os.name: 'Windows 7', os.arch: 'amd64', os.version: '6.1', java.version: '1.8.0_65'
Driver info: org.openqa.selenium.firefox.FirefoxDriver
Capabilities [{applicationCacheEnabled=true, rotatable=false, handlesAlerts=true, databaseEnabled=true, version=43.0.1, platform=WINDOWS, nativeEvents=false, acceptSslCerts=true, webStorageEnabled=true, locationContextEnabled=true, browserName=firefox, takesScreenshot=true, javascriptEnabled=true, cssSelectorsEnabled=true}]
Session ID: e22a9f8b-ae31-40a9-86a3-043d702eca7b
	at org.openqa.selenium.support.ui.WebDriverWait.timeoutException(WebDriverWait.java:80)
	at org.openqa.selenium.support.ui.FluentWait.until(FluentWait.java:261)
	at com.javacodegeeks.testng.selenium.TestNGSeleniumDependentMethodExample.searchTestNGInJCG(TestNGSeleniumDependentMethodExample.java:47)
	at org.springframework.test.context.testng.AbstractTestNGSpringContextTests.run(AbstractTestNGSpringContextTests.java:171)
Caused by: org.openqa.selenium.NoSuchElementException: Unable to locate element: {"method":"link text","selector":"Close this popup"}
Command duration or timeout: 385 milliseconds
For documentation on this error, please visit: http://seleniumhq.org/exceptions/no_such_element.html
Build info: version: '2.48.2', revision: '41bccdd', time: '2015-10-09 19:55:52'
System info: host: 'MLIVE-LP00951', ip: '192.168.56.1', os.name: 'Windows 7', os.arch: 'amd64', os.version: '6.1', java.version: '1.8.0_65'
Driver info: org.openqa.selenium.firefox.FirefoxDriver
Capabilities [{applicationCacheEnabled=true, rotatable=false, handlesAlerts=true, databaseEnabled=true, version=43.0.1, platform=WINDOWS, nativeEvents=false, acceptSslCerts=true, webStorageEnabled=true, locationContextEnabled=true, browserName=firefox, takesScreenshot=true, javascriptEnabled=true, cssSelectorsEnabled=true}]
Session ID: e22a9f8b-ae31-40a9-86a3-043d702eca7b
*** Element info: {Using=link text, value=Close this popup}
	at org.openqa.selenium.remote.ErrorHandler.createThrowable(ErrorHandler.java:206)
	at org.openqa.selenium.remote.ErrorHandler.throwIfResponseFailed(ErrorHandler.java:158)
	at org.openqa.selenium.remote.RemoteWebDriver.execute(RemoteWebDriver.java:647)
	at org.openqa.selenium.remote.RemoteWebDriver.findElement(RemoteWebDriver.java:353)
	at org.openqa.selenium.remote.RemoteWebDriver.findElementByLinkText(RemoteWebDriver.java:418)
	at org.openqa.selenium.By$ByLinkText.findElement(By.java:246)
	at org.openqa.selenium.remote.RemoteWebDriver.findElement(RemoteWebDriver.java:345)
	at com.javacodegeeks.testng.selenium.TestNGSeleniumDependentMethodExample$2.apply(TestNGSeleniumDependentMethodExample.java:49)
	at com.javacodegeeks.testng.selenium.TestNGSeleniumDependentMethodExample$2.apply(TestNGSeleniumDependentMethodExample.java:1)
	at org.openqa.selenium.support.ui.FluentWait.until(FluentWait.java:238)
	... 28 more
Caused by: org.openqa.selenium.NoSuchElementException: Unable to locate element: {"method":"link text","selector":"Close this popup"}
For documentation on this error, please visit: http://seleniumhq.org/exceptions/no_such_element.html
Build info: version: '2.48.2', revision: '41bccdd', time: '2015-10-09 19:55:52'
System info: host: 'MLIVE-LP00951', ip: '192.168.56.1', os.name: 'Windows 7', os.arch: 'amd64', os.version: '6.1', java.version: '1.8.0_65'
Driver info: driver.version: unknown
	at <anonymous class>.FirefoxDriver.prototype.findElementInternal_(file:///C:/Users/Manish/AppData/Local/Temp/anonymous4500853605751957580webdriver-profile/extensions/fxdriver@googlecode.com/components/driver-component.js:10659)
	at <anonymous class>.FirefoxDriver.prototype.findElement(file:///C:/Users/Manish/AppData/Local/Temp/anonymous4500853605751957580webdriver-profile/extensions/fxdriver@googlecode.com/components/driver-component.js:10668)
	at <anonymous class>.DelayedCommand.prototype.executeInternal_/h(file:///C:/Users/Manish/AppData/Local/Temp/anonymous4500853605751957580webdriver-profile/extensions/fxdriver@googlecode.com/components/command-processor.js:12534)
	at <anonymous class>.DelayedCommand.prototype.executeInternal_(file:///C:/Users/Manish/AppData/Local/Temp/anonymous4500853605751957580webdriver-profile/extensions/fxdriver@googlecode.com/components/command-processor.js:12539)
	at <anonymous class>.DelayedCommand.prototype.execute/<(file:///C:/Users/Manish/AppData/Local/Temp/anonymous4500853605751957580webdriver-profile/extensions/fxdriver@googlecode.com/components/command-processor.js:12481)
... Removed 30 stack frames]]>
    </failure>
  </testcase> <!-- searchTestNGInJCG -->
  <testcase name="clickOnJCGTestNGArticle" time="0.0" classname="com.javacodegeeks.testng.selenium.TestNGSeleniumDependentMethodExample">
    <skipped/>
  </testcase> <!-- clickOnJCGTestNGArticle -->
</testsuite> <!-- TestNgSeleniumTest -->
