<!DOCTYPE html PUBLIC "-//W3C//DTD XHTML 1.1//EN" "http://www.w3.org/TR/xhtml11/DTD/xhtml11.dtd">
<html xmlns="http://www.w3.org/1999/xhtml"><head><title>TestNG Report</title><style type="text/css">table {margin-bottom:10px;border-collapse:collapse;empty-cells:show}th,td {border:1px solid #009;padding:.25em .5em}th {vertical-align:bottom}td {vertical-align:top}table a {font-weight:bold}.stripe td {background-color: #E6EBF9}.num {text-align:right}.passedodd td {background-color: #3F3}.passedeven td {background-color: #0A0}.skippedodd td {background-color: #DDD}.skippedeven td {background-color: #CCC}.failedodd td,.attn {background-color: #F33}.failedeven td,.stripe .attn {background-color: #D00}.stacktrace {white-space:pre;font-family:monospace}.totop {font-size:85%;text-align:center;border-bottom:2px solid #000}</style></head><body><table><tr><th>Test</th><th># Passed</th><th># Skipped</th><th># Failed</th><th>Time (ms)</th><th>Included Groups</th><th>Excluded Groups</th></tr><tr><th colspan="7">Suite</th></tr><tr><td><a href="#t0">Test</a></td><td class="num">7</td><td class="num">0</td><td class="num attn">2</td><td class="num">64,483</td><td></td><td></td></tr></table><table><thead><tr><th>Class</th><th>Method</th><th>Start</th><th>Time (ms)</th></tr></thead><tbody><tr><th colspan="4">Suite</th></tr></tbody><tbody id="t0"><tr><th colspan="4">Test &#8212; failed</th></tr><tr class="failedeven"><td rowspan="1">com.javacodegeeks.testng.selenium.TestNGSeleniumDependentMethodExample</td><td><a href="#m0">clickOnJCGTestNGArticle</a></td><td rowspan="1">1451782916011</td><td rowspan="1">10144</td></tr><tr class="failedodd"><td rowspan="1">com.javacodegeeks.testng.selenium.TestNGSeleniumXpathExample</td><td><a href="#m1">searchStringUsingXPATH</a></td><td rowspan="1">1451782872622</td><td rowspan="1">12665</td></tr><tr><th colspan="4">Test &#8212; passed</th></tr><tr class="passedeven"><td rowspan="2">com.javacodegeeks.testng.selenium.TestNGSeleniumBrowserCfgExample</td><td><a href="#m2">searchGoogle</a></td><td rowspan="2">1451782869324</td><td rowspan="2">3295</td></tr><tr class="passedeven"><td><a href="#m3">searchGoogle</a></td></tr><tr class="passedodd"><td rowspan="2">com.javacodegeeks.testng.selenium.TestNGSeleniumDataDrivenSearchExample</td><td><a href="#m4">searchGoogle</a></td><td rowspan="2">1451782892842</td><td rowspan="2">3408</td></tr><tr class="passedodd"><td><a href="#m5">searchGoogle</a></td></tr><tr class="passedeven"><td rowspan="1">com.javacodegeeks.testng.selenium.TestNGSeleniumDependentMethodExample</td><td><a href="#m6">searchTestNGInJCG</a></td><td rowspan="1">1451782898979</td><td rowspan="1">14100</td></tr><tr class="passedodd"><td rowspan="1">com.javacodegeeks.testng.selenium.TestNGSeleniumDriverInjectionExample</td><td><a href="#m7">searchGoogle</a></td><td rowspan="1">1451782913086</td><td rowspan="1">2919</td></tr><tr class="passedeven"><td rowspan="1">com.javacodegeeks.testng.selenium.TestNGSeleniumSimpleSearchExample</td><td><a href="#m8">searchTestNGInGoogle</a></td><td rowspan="1">1451782896254</td><td rowspan="1">2719</td></tr></tbody></table><h2>Test</h2><h3 id="m0">com.javacodegeeks.testng.selenium.TestNGSeleniumDependentMethodExample#clickOnJCGTestNGArticle</h3><table class="result"><tr><th>Exception</th></tr><tr><td><div class="stacktrace">org.openqa.selenium.TimeoutException: Timed out after 10 seconds waiting for com.javacodegeeks.testng.selenium.TestNGSeleniumDependentMethodExample$1@15eebbff
Build info: version: &apos;2.48.2&apos;, revision: &apos;41bccdd10cf2c0560f637404c2d96164b67d9d67&apos;, time: &apos;2015-10-09 13:08:06&apos;
System info: host: &apos;MLIVE-LP00951&apos;, ip: &apos;192.168.56.1&apos;, os.name: &apos;Windows 7&apos;, os.arch: &apos;amd64&apos;, os.version: &apos;6.1&apos;, java.version: &apos;1.8.0_65&apos;
Driver info: org.openqa.selenium.firefox.FirefoxDriver
Capabilities [{applicationCacheEnabled=true, rotatable=false, handlesAlerts=true, databaseEnabled=true, version=43.0.1, platform=WINDOWS, nativeEvents=false, acceptSslCerts=true, webStorageEnabled=true, locationContextEnabled=true, browserName=firefox, takesScreenshot=true, javascriptEnabled=true, cssSelectorsEnabled=true}]
Session ID: 5e921054-b924-4e74-81d9-dd82d89510f1
	at org.openqa.selenium.support.ui.WebDriverWait.timeoutException(WebDriverWait.java:80)
	at org.openqa.selenium.support.ui.FluentWait.until(FluentWait.java:261)
	at com.javacodegeeks.testng.selenium.TestNGSeleniumDependentMethodExample.clickOnJCGTestNGArticle(TestNGSeleniumDependentMethodExample.java:29)
	at org.springframework.test.context.testng.AbstractTestNGSpringContextTests.run(AbstractTestNGSpringContextTests.java:171)
Caused by: org.openqa.selenium.NoSuchElementException: Unable to locate element: {&quot;method&quot;:&quot;xpath&quot;,&quot;selector&quot;:&quot;//*[text()=&apos;TestNG Maven Project Example&apos;]&quot;}
Command duration or timeout: 69 milliseconds
For documentation on this error, please visit: http://seleniumhq.org/exceptions/no_such_element.html
Build info: version: &apos;2.48.2&apos;, revision: &apos;41bccdd10cf2c0560f637404c2d96164b67d9d67&apos;, time: &apos;2015-10-09 13:08:06&apos;
System info: host: &apos;MLIVE-LP00951&apos;, ip: &apos;192.168.56.1&apos;, os.name: &apos;Windows 7&apos;, os.arch: &apos;amd64&apos;, os.version: &apos;6.1&apos;, java.version: &apos;1.8.0_65&apos;
Driver info: org.openqa.selenium.firefox.FirefoxDriver
Capabilities [{applicationCacheEnabled=true, rotatable=false, handlesAlerts=true, databaseEnabled=true, version=43.0.1, platform=WINDOWS, nativeEvents=false, acceptSslCerts=true, webStorageEnabled=true, locationContextEnabled=true, browserName=firefox, takesScreenshot=true, javascriptEnabled=true, cssSelectorsEnabled=true}]
Session ID: 5e921054-b924-4e74-81d9-dd82d89510f1
*** Element info: {Using=xpath, value=//*[text()=&apos;TestNG Maven Project Example&apos;]}
	at org.openqa.selenium.remote.ErrorHandler.createThrowable(ErrorHandler.java:206)
	at org.openqa.selenium.remote.ErrorHandler.throwIfResponseFailed(ErrorHandler.java:158)
	at org.openqa.selenium.remote.RemoteWebDriver.execute(RemoteWebDriver.java:647)
	at org.openqa.selenium.remote.RemoteWebDriver.findElement(RemoteWebDriver.java:353)
	at org.openqa.selenium.remote.RemoteWebDriver.findElementByXPath(RemoteWebDriver.java:490)
	at org.openqa.selenium.By$ByXPath.findElement(By.java:361)
	at org.openqa.selenium.remote.RemoteWebDriver.findElement(RemoteWebDriver.java:345)
	at com.javacodegeeks.testng.selenium.TestNGSeleniumDependentMethodExample$1.apply(TestNGSeleniumDependentMethodExample.java:31)
	at com.javacodegeeks.testng.selenium.TestNGSeleniumDependentMethodExample$1.apply(TestNGSeleniumDependentMethodExample.java:1)
	at org.openqa.selenium.support.ui.FluentWait.until(FluentWait.java:238)
	... 32 more
Caused by: org.openqa.selenium.NoSuchElementException: Unable to locate element: {&quot;method&quot;:&quot;xpath&quot;,&quot;selector&quot;:&quot;//*[text()=&apos;TestNG Maven Project Example&apos;]&quot;}
For documentation on this error, please visit: http://seleniumhq.org/exceptions/no_such_element.html
Build info: version: &apos;2.48.2&apos;, revision: &apos;41bccdd10cf2c0560f637404c2d96164b67d9d67&apos;, time: &apos;2015-10-09 13:08:06&apos;
System info: host: &apos;MLIVE-LP00951&apos;, ip: &apos;192.168.56.1&apos;, os.name: &apos;Windows 7&apos;, os.arch: &apos;amd64&apos;, os.version: &apos;6.1&apos;, java.version: &apos;1.8.0_65&apos;
Driver info: driver.version: unknown
	at &lt;anonymous class&gt;.FirefoxDriver.prototype.findElementInternal_(file:///C:/Users/Manish/AppData/Local/Temp/anonymous6095668948542367484webdriver-profile/extensions/fxdriver@googlecode.com/components/driver-component.js:10659)
	at &lt;anonymous class&gt;.FirefoxDriver.prototype.findElement(file:///C:/Users/Manish/AppData/Local/Temp/anonymous6095668948542367484webdriver-profile/extensions/fxdriver@googlecode.com/components/driver-component.js:10668)
	at &lt;anonymous class&gt;.DelayedCommand.prototype.executeInternal_/h(file:///C:/Users/Manish/AppData/Local/Temp/anonymous6095668948542367484webdriver-profile/extensions/fxdriver@googlecode.com/components/command-processor.js:12534)
	at &lt;anonymous class&gt;.DelayedCommand.prototype.executeInternal_(file:///C:/Users/Manish/AppData/Local/Temp/anonymous6095668948542367484webdriver-profile/extensions/fxdriver@googlecode.com/components/command-processor.js:12539)
	at &lt;anonymous class&gt;.DelayedCommand.prototype.execute/&lt;(file:///C:/Users/Manish/AppData/Local/Temp/anonymous6095668948542367484webdriver-profile/extensions/fxdriver@googlecode.com/components/command-processor.js:12481)
... Removed 33 stack frames</div></td></tr></table><p class="totop"><a href="#summary">back to summary</a></p><h3 id="m1">com.javacodegeeks.testng.selenium.TestNGSeleniumXpathExample#searchStringUsingXPATH</h3><table class="result"><tr><th>Exception</th></tr><tr><td><div class="stacktrace">org.openqa.selenium.TimeoutException: Timed out after 10 seconds waiting for com.javacodegeeks.testng.selenium.TestNGSeleniumXpathExample$1@5e403b4a
Build info: version: &apos;2.48.2&apos;, revision: &apos;41bccdd10cf2c0560f637404c2d96164b67d9d67&apos;, time: &apos;2015-10-09 13:08:06&apos;
System info: host: &apos;MLIVE-LP00951&apos;, ip: &apos;192.168.56.1&apos;, os.name: &apos;Windows 7&apos;, os.arch: &apos;amd64&apos;, os.version: &apos;6.1&apos;, java.version: &apos;1.8.0_65&apos;
Driver info: org.openqa.selenium.firefox.FirefoxDriver
Capabilities [{applicationCacheEnabled=true, rotatable=false, handlesAlerts=true, databaseEnabled=true, version=43.0.1, platform=WINDOWS, nativeEvents=false, acceptSslCerts=true, webStorageEnabled=true, locationContextEnabled=true, browserName=firefox, takesScreenshot=true, javascriptEnabled=true, cssSelectorsEnabled=true}]
Session ID: e1e4a1c3-7411-408b-a1ba-8a5ae0aa6bda
	at org.openqa.selenium.support.ui.WebDriverWait.timeoutException(WebDriverWait.java:80)
	at org.openqa.selenium.support.ui.FluentWait.until(FluentWait.java:261)
	at com.javacodegeeks.testng.selenium.TestNGSeleniumXpathExample.searchStringUsingXPATH(TestNGSeleniumXpathExample.java:37)
... Removed 24 stack frames</div></td></tr></table><p class="totop"><a href="#summary">back to summary</a></p><h3 id="m2">com.javacodegeeks.testng.selenium.TestNGSeleniumBrowserCfgExample#searchGoogle</h3><table class="result"><tr class="param"><th>Parameter #1</th></tr><tr class="param stripe"><td>Selenium</td></tr></table><p class="totop"><a href="#summary">back to summary</a></p><h3 id="m3">com.javacodegeeks.testng.selenium.TestNGSeleniumBrowserCfgExample#searchGoogle</h3><table class="result"><tr class="param"><th>Parameter #1</th></tr><tr class="param stripe"><td>TestNG</td></tr></table><p class="totop"><a href="#summary">back to summary</a></p><h3 id="m4">com.javacodegeeks.testng.selenium.TestNGSeleniumDataDrivenSearchExample#searchGoogle</h3><table class="result"><tr class="param"><th>Parameter #1</th></tr><tr class="param stripe"><td>Selenium</td></tr></table><p class="totop"><a href="#summary">back to summary</a></p><h3 id="m5">com.javacodegeeks.testng.selenium.TestNGSeleniumDataDrivenSearchExample#searchGoogle</h3><table class="result"><tr class="param"><th>Parameter #1</th></tr><tr class="param stripe"><td>TestNG</td></tr></table><p class="totop"><a href="#summary">back to summary</a></p><h3 id="m6">com.javacodegeeks.testng.selenium.TestNGSeleniumDependentMethodExample#searchTestNGInJCG</h3><table class="result"></table><p class="totop"><a href="#summary">back to summary</a></p><h3 id="m7">com.javacodegeeks.testng.selenium.TestNGSeleniumDriverInjectionExample#searchGoogle</h3><table class="result"></table><p class="totop"><a href="#summary">back to summary</a></p><h3 id="m8">com.javacodegeeks.testng.selenium.TestNGSeleniumSimpleSearchExample#searchTestNGInGoogle</h3><table class="result"></table><p class="totop"><a href="#summary">back to summary</a></p></body></html>