<?xml version="1.0" encoding="UTF-8"?>
<testng-results skipped="0" failed="2" total="9" passed="7">
  <reporter-output>
  </reporter-output>
  <suite name="Suite" duration-ms="64483" started-at="2016-01-03T01:01:02Z" finished-at="2016-01-03T01:02:06Z">
    <groups>
    </groups>
    <test name="Test" duration-ms="64483" started-at="2016-01-03T01:01:02Z" finished-at="2016-01-03T01:02:06Z">
      <class name="com.javacodegeeks.testng.selenium.TestNGSeleniumDriverInjectionExample">
        <test-method status="PASS" signature="springTestContextBeforeTestClass()[pri:0, instance:com.javacodegeeks.testng.selenium.TestNGSeleniumDriverInjectionExample@20398b7c]" name="springTestContextBeforeTestClass" is-config="true" duration-ms="1" started-at="2016-01-02T20:01:53Z" finished-at="2016-01-02T20:01:53Z">
          <reporter-output>
          </reporter-output>
        </test-method> <!-- springTestContextBeforeTestClass -->
        <test-method status="PASS" signature="springTestContextPrepareTestInstance()[pri:0, instance:com.javacodegeeks.testng.selenium.TestNGSeleniumDriverInjectionExample@20398b7c]" name="springTestContextPrepareTestInstance" is-config="true" duration-ms="4" started-at="2016-01-02T20:01:53Z" depends-on-methods="org.springframework.test.context.testng.AbstractTestNGSpringContextTests.springTestContextBeforeTestClass" finished-at="2016-01-02T20:01:53Z">
          <reporter-output>
          </reporter-output>
        </test-method> <!-- springTestContextPrepareTestInstance -->
        <test-method status="PASS" signature="springTestContextBeforeTestMethod(java.lang.reflect.Method)[pri:0, instance:com.javacodegeeks.testng.selenium.TestNGSeleniumDriverInjectionExample@20398b7c]" name="springTestContextBeforeTestMethod" is-config="true" duration-ms="0" started-at="2016-01-02T20:01:53Z" finished-at="2016-01-02T20:01:53Z">
          <params>
            <param index="0">
              <value>
                <![CDATA[public void com.javacodegeeks.testng.selenium.TestNGSeleniumDriverInjectionExample.searchGoogle()]]>
              </value>
            </param>
          </params>
          <reporter-output>
          </reporter-output>
        </test-method> <!-- springTestContextBeforeTestMethod -->
        <test-method status="PASS" signature="printBrowserUsed()[pri:0, instance:com.javacodegeeks.testng.selenium.TestNGSeleniumDriverInjectionExample@20398b7c]" name="printBrowserUsed" is-config="true" duration-ms="0" started-at="2016-01-02T20:01:53Z" finished-at="2016-01-02T20:01:53Z">
          <reporter-output>
          </reporter-output>
        </test-method> <!-- printBrowserUsed -->
        <test-method status="PASS" signature="searchGoogle()[pri:0, instance:com.javacodegeeks.testng.selenium.TestNGSeleniumDriverInjectionExample@20398b7c]" name="searchGoogle" duration-ms="2919" started-at="2016-01-02T20:01:53Z" finished-at="2016-01-02T20:01:56Z">
          <reporter-output>
          </reporter-output>
        </test-method> <!-- searchGoogle -->
        <test-method status="PASS" signature="springTestContextAfterTestClass()[pri:0, instance:com.javacodegeeks.testng.selenium.TestNGSeleniumDriverInjectionExample@20398b7c]" name="springTestContextAfterTestClass" is-config="true" duration-ms="1" started-at="2016-01-02T20:01:56Z" finished-at="2016-01-02T20:01:56Z">
          <reporter-output>
          </reporter-output>
        </test-method> <!-- springTestContextAfterTestClass -->
        <test-method status="PASS" signature="springTestContextAfterTestMethod(java.lang.reflect.Method)[pri:0, instance:com.javacodegeeks.testng.selenium.TestNGSeleniumDriverInjectionExample@20398b7c]" name="springTestContextAfterTestMethod" is-config="true" duration-ms="0" started-at="2016-01-02T20:01:56Z" finished-at="2016-01-02T20:01:56Z">
          <params>
            <param index="0">
              <value>
                <![CDATA[public void com.javacodegeeks.testng.selenium.TestNGSeleniumDriverInjectionExample.searchGoogle()]]>
              </value>
            </param>
          </params>
          <reporter-output>
          </reporter-output>
        </test-method> <!-- springTestContextAfterTestMethod -->
      </class> <!-- com.javacodegeeks.testng.selenium.TestNGSeleniumDriverInjectionExample -->
      <class name="com.javacodegeeks.testng.selenium.TestNGSeleniumBrowserCfgExample">
        <test-method status="PASS" signature="initDriver(java.lang.String, java.lang.String)[pri:0, instance:com.javacodegeeks.testng.selenium.TestNGSeleniumBrowserCfgExample@71423665]" name="initDriver" is-config="true" duration-ms="4284" started-at="2016-01-02T20:01:02Z" finished-at="2016-01-02T20:01:06Z">
          <params>
            <param index="0">
              <value>
                <![CDATA[firefox]]>
              </value>
            </param>
            <param index="1">
              <value>
                <![CDATA[]]>
              </value>
            </param>
          </params>
          <reporter-output>
          </reporter-output>
        </test-method> <!-- initDriver -->
        <test-method status="PASS" signature="searchGoogle(java.lang.String)[pri:0, instance:com.javacodegeeks.testng.selenium.TestNGSeleniumBrowserCfgExample@71423665]" name="searchGoogle" duration-ms="2876" started-at="2016-01-02T20:01:06Z" data-provider="searchStrings" finished-at="2016-01-02T20:01:09Z">
          <params>
            <param index="0">
              <value>
                <![CDATA[TestNG]]>
              </value>
            </param>
          </params>
          <reporter-output>
          </reporter-output>
        </test-method> <!-- searchGoogle -->
        <test-method status="PASS" signature="searchGoogle(java.lang.String)[pri:0, instance:com.javacodegeeks.testng.selenium.TestNGSeleniumBrowserCfgExample@71423665]" name="searchGoogle" duration-ms="3295" started-at="2016-01-02T20:01:09Z" data-provider="searchStrings" finished-at="2016-01-02T20:01:12Z">
          <params>
            <param index="0">
              <value>
                <![CDATA[Selenium]]>
              </value>
            </param>
          </params>
          <reporter-output>
          </reporter-output>
        </test-method> <!-- searchGoogle -->
        <test-method status="PASS" signature="quitDriver()[pri:0, instance:com.javacodegeeks.testng.selenium.TestNGSeleniumBrowserCfgExample@71423665]" name="quitDriver" is-config="true" duration-ms="468" started-at="2016-01-02T20:02:06Z" finished-at="2016-01-02T20:02:06Z">
          <reporter-output>
          </reporter-output>
        </test-method> <!-- quitDriver -->
      </class> <!-- com.javacodegeeks.testng.selenium.TestNGSeleniumBrowserCfgExample -->
      <class name="com.javacodegeeks.testng.selenium.TestNGSeleniumXpathExample">
        <test-method status="FAIL" signature="searchStringUsingXPATH()[pri:0, instance:com.javacodegeeks.testng.selenium.TestNGSeleniumXpathExample@49993335]" name="searchStringUsingXPATH" duration-ms="12665" started-at="2016-01-02T20:01:12Z" finished-at="2016-01-02T20:01:25Z">
          <exception class="org.openqa.selenium.TimeoutException">
            <message>
              <![CDATA[Timed out after 10 seconds waiting for com.javacodegeeks.testng.selenium.TestNGSeleniumXpathExample$1@5e403b4a
Build info: version: '2.48.2', revision: '41bccdd10cf2c0560f637404c2d96164b67d9d67', time: '2015-10-09 13:08:06'
System info: host: 'MLIVE-LP00951', ip: '192.168.56.1', os.name: 'Windows 7', os.arch: 'amd64', os.version: '6.1', java.version: '1.8.0_65'
Driver info: org.openqa.selenium.firefox.FirefoxDriver
Capabilities [{applicationCacheEnabled=true, rotatable=false, handlesAlerts=true, databaseEnabled=true, version=43.0.1, platform=WINDOWS, nativeEvents=false, acceptSslCerts=true, webStorageEnabled=true, locationContextEnabled=true, browserName=firefox, takesScreenshot=true, javascriptEnabled=true, cssSelectorsEnabled=true}]
Session ID: e1e4a1c3-7411-408b-a1ba-8a5ae0aa6bda]]>
            </message>
            <full-stacktrace>
              <![CDATA[org.openqa.selenium.TimeoutException: Timed out after 10 seconds waiting for com.javacodegeeks.testng.selenium.TestNGSeleniumXpathExample$1@5e403b4a
Build info: version: '2.48.2', revision: '41bccdd10cf2c0560f637404c2d96164b67d9d67', time: '2015-10-09 13:08:06'
System info: host: 'MLIVE-LP00951', ip: '192.168.56.1', os.name: 'Windows 7', os.arch: 'amd64', os.version: '6.1', java.version: '1.8.0_65'
Driver info: org.openqa.selenium.firefox.FirefoxDriver
Capabilities [{applicationCacheEnabled=true, rotatable=false, handlesAlerts=true, databaseEnabled=true, version=43.0.1, platform=WINDOWS, nativeEvents=false, acceptSslCerts=true, webStorageEnabled=true, locationContextEnabled=true, browserName=firefox, takesScreenshot=true, javascriptEnabled=true, cssSelectorsEnabled=true}]
Session ID: e1e4a1c3-7411-408b-a1ba-8a5ae0aa6bda
	at org.openqa.selenium.support.ui.WebDriverWait.timeoutException(WebDriverWait.java:80)
	at org.openqa.selenium.support.ui.FluentWait.until(FluentWait.java:261)
	at com.javacodegeeks.testng.selenium.TestNGSeleniumXpathExample.searchStringUsingXPATH(TestNGSeleniumXpathExample.java:37)
	at sun.reflect.NativeMethodAccessorImpl.invoke0(Native Method)
	at sun.reflect.NativeMethodAccessorImpl.invoke(NativeMethodAccessorImpl.java:62)
	at sun.reflect.DelegatingMethodAccessorImpl.invoke(DelegatingMethodAccessorImpl.java:43)
	at java.lang.reflect.Method.invoke(Method.java:497)
	at org.testng.internal.MethodInvocationHelper.invokeMethod(MethodInvocationHelper.java:84)
	at org.testng.internal.Invoker.invokeMethod(Invoker.java:714)
	at org.testng.internal.Invoker.invokeTestMethod(Invoker.java:901)
	at org.testng.internal.Invoker.invokeTestMethods(Invoker.java:1231)
	at org.testng.internal.TestMethodWorker.invokeTestMethods(TestMethodWorker.java:127)
	at org.testng.internal.TestMethodWorker.run(TestMethodWorker.java:111)
	at org.testng.TestRunner.privateRun(TestRunner.java:767)
	at org.testng.TestRunner.run(TestRunner.java:617)
	at org.testng.SuiteRunner.runTest(SuiteRunner.java:348)
	at org.testng.SuiteRunner.runSequentially(SuiteRunner.java:343)
	at org.testng.SuiteRunner.privateRun(SuiteRunner.java:305)
	at org.testng.SuiteRunner.run(SuiteRunner.java:254)
	at org.testng.SuiteRunnerWorker.runSuite(SuiteRunnerWorker.java:52)
	at org.testng.SuiteRunnerWorker.run(SuiteRunnerWorker.java:86)
	at org.testng.TestNG.runSuitesSequentially(TestNG.java:1224)
	at org.testng.TestNG.runSuitesLocally(TestNG.java:1149)
	at org.testng.TestNG.run(TestNG.java:1057)
	at org.testng.remote.RemoteTestNG.run(RemoteTestNG.java:115)
	at org.testng.remote.RemoteTestNG.initAndRun(RemoteTestNG.java:207)
	at org.testng.remote.RemoteTestNG.main(RemoteTestNG.java:178)
]]>
            </full-stacktrace>
          </exception> <!-- org.openqa.selenium.TimeoutException -->
          <reporter-output>
          </reporter-output>
        </test-method> <!-- searchStringUsingXPATH -->
      </class> <!-- com.javacodegeeks.testng.selenium.TestNGSeleniumXpathExample -->
      <class name="com.javacodegeeks.testng.selenium.TestNGSeleniumDependentMethodExample">
        <test-method status="PASS" signature="springTestContextBeforeTestClass()[pri:0, instance:com.javacodegeeks.testng.selenium.TestNGSeleniumDependentMethodExample@52a86356]" name="springTestContextBeforeTestClass" is-config="true" duration-ms="2" started-at="2016-01-02T20:01:38Z" finished-at="2016-01-02T20:01:38Z">
          <reporter-output>
          </reporter-output>
        </test-method> <!-- springTestContextBeforeTestClass -->
        <test-method status="PASS" signature="springTestContextPrepareTestInstance()[pri:0, instance:com.javacodegeeks.testng.selenium.TestNGSeleniumDependentMethodExample@52a86356]" name="springTestContextPrepareTestInstance" is-config="true" duration-ms="3" started-at="2016-01-02T20:01:38Z" depends-on-methods="org.springframework.test.context.testng.AbstractTestNGSpringContextTests.springTestContextBeforeTestClass" finished-at="2016-01-02T20:01:38Z">
          <reporter-output>
          </reporter-output>
        </test-method> <!-- springTestContextPrepareTestInstance -->
        <test-method status="PASS" signature="springTestContextBeforeTestMethod(java.lang.reflect.Method)[pri:0, instance:com.javacodegeeks.testng.selenium.TestNGSeleniumDependentMethodExample@52a86356]" name="springTestContextBeforeTestMethod" is-config="true" duration-ms="0" started-at="2016-01-02T20:01:38Z" finished-at="2016-01-02T20:01:38Z">
          <params>
            <param index="0">
              <value>
                <![CDATA[public void com.javacodegeeks.testng.selenium.TestNGSeleniumDependentMethodExample.searchTestNGInJCG()]]>
              </value>
            </param>
          </params>
          <reporter-output>
          </reporter-output>
        </test-method> <!-- springTestContextBeforeTestMethod -->
        <test-method status="PASS" signature="searchTestNGInJCG()[pri:0, instance:com.javacodegeeks.testng.selenium.TestNGSeleniumDependentMethodExample@52a86356]" name="searchTestNGInJCG" duration-ms="14100" started-at="2016-01-02T20:01:38Z" finished-at="2016-01-02T20:01:53Z">
          <reporter-output>
          </reporter-output>
        </test-method> <!-- searchTestNGInJCG -->
        <test-method status="PASS" signature="printBrowserUsed()[pri:0, instance:com.javacodegeeks.testng.selenium.TestNGSeleniumDependentMethodExample@52a86356]" name="printBrowserUsed" is-config="true" duration-ms="0" started-at="2016-01-02T20:01:38Z" finished-at="2016-01-02T20:01:38Z">
          <reporter-output>
          </reporter-output>
        </test-method> <!-- printBrowserUsed -->
        <test-method status="PASS" signature="springTestContextAfterTestMethod(java.lang.reflect.Method)[pri:0, instance:com.javacodegeeks.testng.selenium.TestNGSeleniumDependentMethodExample@52a86356]" name="springTestContextAfterTestMethod" is-config="true" duration-ms="1" started-at="2016-01-02T20:01:53Z" finished-at="2016-01-02T20:01:53Z">
          <params>
            <param index="0">
              <value>
                <![CDATA[public void com.javacodegeeks.testng.selenium.TestNGSeleniumDependentMethodExample.searchTestNGInJCG()]]>
              </value>
            </param>
          </params>
          <reporter-output>
          </reporter-output>
        </test-method> <!-- springTestContextAfterTestMethod -->
        <test-method status="PASS" signature="springTestContextBeforeTestMethod(java.lang.reflect.Method)[pri:0, instance:com.javacodegeeks.testng.selenium.TestNGSeleniumDependentMethodExample@52a86356]" name="springTestContextBeforeTestMethod" is-config="true" duration-ms="1" started-at="2016-01-02T20:01:56Z" finished-at="2016-01-02T20:01:56Z">
          <params>
            <param index="0">
              <value>
                <![CDATA[public void com.javacodegeeks.testng.selenium.TestNGSeleniumDependentMethodExample.clickOnJCGTestNGArticle()]]>
              </value>
            </param>
          </params>
          <reporter-output>
          </reporter-output>
        </test-method> <!-- springTestContextBeforeTestMethod -->
        <test-method status="FAIL" signature="clickOnJCGTestNGArticle()[pri:0, instance:com.javacodegeeks.testng.selenium.TestNGSeleniumDependentMethodExample@52a86356]" name="clickOnJCGTestNGArticle" duration-ms="10144" started-at="2016-01-02T20:01:56Z" depends-on-methods="com.javacodegeeks.testng.selenium.TestNGSeleniumDependentMethodExample.searchTestNGInJCG" finished-at="2016-01-02T20:02:06Z">
          <exception class="org.openqa.selenium.TimeoutException">
            <message>
              <![CDATA[Timed out after 10 seconds waiting for com.javacodegeeks.testng.selenium.TestNGSeleniumDependentMethodExample$1@15eebbff
Build info: version: '2.48.2', revision: '41bccdd10cf2c0560f637404c2d96164b67d9d67', time: '2015-10-09 13:08:06'
System info: host: 'MLIVE-LP00951', ip: '192.168.56.1', os.name: 'Windows 7', os.arch: 'amd64', os.version: '6.1', java.version: '1.8.0_65'
Driver info: org.openqa.selenium.firefox.FirefoxDriver
Capabilities [{applicationCacheEnabled=true, rotatable=false, handlesAlerts=true, databaseEnabled=true, version=43.0.1, platform=WINDOWS, nativeEvents=false, acceptSslCerts=true, webStorageEnabled=true, locationContextEnabled=true, browserName=firefox, takesScreenshot=true, javascriptEnabled=true, cssSelectorsEnabled=true}]
Session ID: 5e921054-b924-4e74-81d9-dd82d89510f1]]>
            </message>
            <full-stacktrace>
              <![CDATA[org.openqa.selenium.TimeoutException: Timed out after 10 seconds waiting for com.javacodegeeks.testng.selenium.TestNGSeleniumDependentMethodExample$1@15eebbff
Build info: version: '2.48.2', revision: '41bccdd10cf2c0560f637404c2d96164b67d9d67', time: '2015-10-09 13:08:06'
System info: host: 'MLIVE-LP00951', ip: '192.168.56.1', os.name: 'Windows 7', os.arch: 'amd64', os.version: '6.1', java.version: '1.8.0_65'
Driver info: org.openqa.selenium.firefox.FirefoxDriver
Capabilities [{applicationCacheEnabled=true, rotatable=false, handlesAlerts=true, databaseEnabled=true, version=43.0.1, platform=WINDOWS, nativeEvents=false, acceptSslCerts=true, webStorageEnabled=true, locationContextEnabled=true, browserName=firefox, takesScreenshot=true, javascriptEnabled=true, cssSelectorsEnabled=true}]
Session ID: 5e921054-b924-4e74-81d9-dd82d89510f1
	at org.openqa.selenium.support.ui.WebDriverWait.timeoutException(WebDriverWait.java:80)
	at org.openqa.selenium.support.ui.FluentWait.until(FluentWait.java:261)
	at com.javacodegeeks.testng.selenium.TestNGSeleniumDependentMethodExample.clickOnJCGTestNGArticle(TestNGSeleniumDependentMethodExample.java:29)
	at sun.reflect.NativeMethodAccessorImpl.invoke0(Native Method)
	at sun.reflect.NativeMethodAccessorImpl.invoke(NativeMethodAccessorImpl.java:62)
	at sun.reflect.DelegatingMethodAccessorImpl.invoke(DelegatingMethodAccessorImpl.java:43)
	at java.lang.reflect.Method.invoke(Method.java:497)
	at org.testng.internal.MethodInvocationHelper.invokeMethod(MethodInvocationHelper.java:84)
	at org.testng.internal.MethodInvocationHelper$1.runTestMethod(MethodInvocationHelper.java:200)
	at org.springframework.test.context.testng.AbstractTestNGSpringContextTests.run(AbstractTestNGSpringContextTests.java:171)
	at sun.reflect.NativeMethodAccessorImpl.invoke0(Native Method)
	at sun.reflect.NativeMethodAccessorImpl.invoke(NativeMethodAccessorImpl.java:62)
	at sun.reflect.DelegatingMethodAccessorImpl.invoke(DelegatingMethodAccessorImpl.java:43)
	at java.lang.reflect.Method.invoke(Method.java:497)
	at org.testng.internal.MethodInvocationHelper.invokeHookable(MethodInvocationHelper.java:212)
	at org.testng.internal.Invoker.invokeMethod(Invoker.java:707)
	at org.testng.internal.Invoker.invokeTestMethod(Invoker.java:901)
	at org.testng.internal.Invoker.invokeTestMethods(Invoker.java:1231)
	at org.testng.internal.TestMethodWorker.invokeTestMethods(TestMethodWorker.java:127)
	at org.testng.internal.TestMethodWorker.run(TestMethodWorker.java:111)
	at org.testng.TestRunner.privateRun(TestRunner.java:767)
	at org.testng.TestRunner.run(TestRunner.java:617)
	at org.testng.SuiteRunner.runTest(SuiteRunner.java:348)
	at org.testng.SuiteRunner.runSequentially(SuiteRunner.java:343)
	at org.testng.SuiteRunner.privateRun(SuiteRunner.java:305)
	at org.testng.SuiteRunner.run(SuiteRunner.java:254)
	at org.testng.SuiteRunnerWorker.runSuite(SuiteRunnerWorker.java:52)
	at org.testng.SuiteRunnerWorker.run(SuiteRunnerWorker.java:86)
	at org.testng.TestNG.runSuitesSequentially(TestNG.java:1224)
	at org.testng.TestNG.runSuitesLocally(TestNG.java:1149)
	at org.testng.TestNG.run(TestNG.java:1057)
	at org.testng.remote.RemoteTestNG.run(RemoteTestNG.java:115)
	at org.testng.remote.RemoteTestNG.initAndRun(RemoteTestNG.java:207)
	at org.testng.remote.RemoteTestNG.main(RemoteTestNG.java:178)
Caused by: org.openqa.selenium.NoSuchElementException: Unable to locate element: {"method":"xpath","selector":"//*[text()='TestNG Maven Project Example']"}
Command duration or timeout: 69 milliseconds
For documentation on this error, please visit: http://seleniumhq.org/exceptions/no_such_element.html
Build info: version: '2.48.2', revision: '41bccdd10cf2c0560f637404c2d96164b67d9d67', time: '2015-10-09 13:08:06'
System info: host: 'MLIVE-LP00951', ip: '192.168.56.1', os.name: 'Windows 7', os.arch: 'amd64', os.version: '6.1', java.version: '1.8.0_65'
Driver info: org.openqa.selenium.firefox.FirefoxDriver
Capabilities [{applicationCacheEnabled=true, rotatable=false, handlesAlerts=true, databaseEnabled=true, version=43.0.1, platform=WINDOWS, nativeEvents=false, acceptSslCerts=true, webStorageEnabled=true, locationContextEnabled=true, browserName=firefox, takesScreenshot=true, javascriptEnabled=true, cssSelectorsEnabled=true}]
Session ID: 5e921054-b924-4e74-81d9-dd82d89510f1
*** Element info: {Using=xpath, value=//*[text()='TestNG Maven Project Example']}
	at sun.reflect.GeneratedConstructorAccessor12.newInstance(Unknown Source)
	at sun.reflect.DelegatingConstructorAccessorImpl.newInstance(DelegatingConstructorAccessorImpl.java:45)
	at java.lang.reflect.Constructor.newInstance(Constructor.java:422)
	at org.openqa.selenium.remote.ErrorHandler.createThrowable(ErrorHandler.java:206)
	at org.openqa.selenium.remote.ErrorHandler.throwIfResponseFailed(ErrorHandler.java:158)
	at org.openqa.selenium.remote.RemoteWebDriver.execute(RemoteWebDriver.java:647)
	at org.openqa.selenium.remote.RemoteWebDriver.findElement(RemoteWebDriver.java:353)
	at org.openqa.selenium.remote.RemoteWebDriver.findElementByXPath(RemoteWebDriver.java:490)
	at org.openqa.selenium.By$ByXPath.findElement(By.java:361)
	at org.openqa.selenium.remote.RemoteWebDriver.findElement(RemoteWebDriver.java:345)
	at com.javacodegeeks.testng.selenium.TestNGSeleniumDependentMethodExample$1.apply(TestNGSeleniumDependentMethodExample.java:31)
	at com.javacodegeeks.testng.selenium.TestNGSeleniumDependentMethodExample$1.apply(TestNGSeleniumDependentMethodExample.java:1)
	at org.openqa.selenium.support.ui.FluentWait.until(FluentWait.java:238)
	... 32 more
Caused by: org.openqa.selenium.NoSuchElementException: Unable to locate element: {"method":"xpath","selector":"//*[text()='TestNG Maven Project Example']"}
For documentation on this error, please visit: http://seleniumhq.org/exceptions/no_such_element.html
Build info: version: '2.48.2', revision: '41bccdd10cf2c0560f637404c2d96164b67d9d67', time: '2015-10-09 13:08:06'
System info: host: 'MLIVE-LP00951', ip: '192.168.56.1', os.name: 'Windows 7', os.arch: 'amd64', os.version: '6.1', java.version: '1.8.0_65'
Driver info: driver.version: unknown
	at <anonymous class>.FirefoxDriver.prototype.findElementInternal_(file:///C:/Users/Manish/AppData/Local/Temp/anonymous6095668948542367484webdriver-profile/extensions/fxdriver@googlecode.com/components/driver-component.js:10659)
	at <anonymous class>.FirefoxDriver.prototype.findElement(file:///C:/Users/Manish/AppData/Local/Temp/anonymous6095668948542367484webdriver-profile/extensions/fxdriver@googlecode.com/components/driver-component.js:10668)
	at <anonymous class>.DelayedCommand.prototype.executeInternal_/h(file:///C:/Users/Manish/AppData/Local/Temp/anonymous6095668948542367484webdriver-profile/extensions/fxdriver@googlecode.com/components/command-processor.js:12534)
	at <anonymous class>.DelayedCommand.prototype.executeInternal_(file:///C:/Users/Manish/AppData/Local/Temp/anonymous6095668948542367484webdriver-profile/extensions/fxdriver@googlecode.com/components/command-processor.js:12539)
	at <anonymous class>.DelayedCommand.prototype.execute/<(file:///C:/Users/Manish/AppData/Local/Temp/anonymous6095668948542367484webdriver-profile/extensions/fxdriver@googlecode.com/components/command-processor.js:12481)
]]>
            </full-stacktrace>
          </exception> <!-- org.openqa.selenium.TimeoutException -->
          <reporter-output>
          </reporter-output>
        </test-method> <!-- clickOnJCGTestNGArticle -->
        <test-method status="PASS" signature="springTestContextAfterTestMethod(java.lang.reflect.Method)[pri:0, instance:com.javacodegeeks.testng.selenium.TestNGSeleniumDependentMethodExample@52a86356]" name="springTestContextAfterTestMethod" is-config="true" duration-ms="1" started-at="2016-01-02T20:02:06Z" finished-at="2016-01-02T20:02:06Z">
          <params>
            <param index="0">
              <value>
                <![CDATA[public void com.javacodegeeks.testng.selenium.TestNGSeleniumDependentMethodExample.clickOnJCGTestNGArticle()]]>
              </value>
            </param>
          </params>
          <reporter-output>
          </reporter-output>
        </test-method> <!-- springTestContextAfterTestMethod -->
        <test-method status="PASS" signature="springTestContextAfterTestClass()[pri:0, instance:com.javacodegeeks.testng.selenium.TestNGSeleniumDependentMethodExample@52a86356]" name="springTestContextAfterTestClass" is-config="true" duration-ms="0" started-at="2016-01-02T20:02:06Z" finished-at="2016-01-02T20:02:06Z">
          <reporter-output>
          </reporter-output>
        </test-method> <!-- springTestContextAfterTestClass -->
      </class> <!-- com.javacodegeeks.testng.selenium.TestNGSeleniumDependentMethodExample -->
      <class name="com.javacodegeeks.testng.selenium.TestNGSeleniumSimpleSearchExample">
        <test-method status="PASS" signature="initDriver()[pri:0, instance:com.javacodegeeks.testng.selenium.TestNGSeleniumSimpleSearchExample@21213b92]" name="initDriver" is-config="true" duration-ms="4674" started-at="2016-01-02T20:00:53Z" finished-at="2016-01-02T20:00:57Z">
          <reporter-output>
          </reporter-output>
        </test-method> <!-- initDriver -->
        <test-method status="PASS" signature="initDriver()[pri:0, instance:com.javacodegeeks.testng.selenium.TestNGSeleniumXpathExample@49993335]" name="initDriver" is-config="true" duration-ms="4453" started-at="2016-01-02T20:00:57Z" finished-at="2016-01-02T20:01:02Z">
          <reporter-output>
          </reporter-output>
        </test-method> <!-- initDriver -->
        <test-method status="PASS" signature="searchTestNGInGoogle()[pri:0, instance:com.javacodegeeks.testng.selenium.TestNGSeleniumSimpleSearchExample@21213b92]" name="searchTestNGInGoogle" duration-ms="2719" started-at="2016-01-02T20:01:36Z" finished-at="2016-01-02T20:01:38Z">
          <reporter-output>
          </reporter-output>
        </test-method> <!-- searchTestNGInGoogle -->
      </class> <!-- com.javacodegeeks.testng.selenium.TestNGSeleniumSimpleSearchExample -->
      <class name="com.javacodegeeks.testng.selenium.TestNGSeleniumDataDrivenSearchExample">
        <test-method status="PASS" signature="springTestContextPrepareTestInstance()[pri:0, instance:com.javacodegeeks.testng.selenium.TestNGSeleniumDataDrivenSearchExample@5383967b]" name="springTestContextPrepareTestInstance" is-config="true" duration-ms="4798" started-at="2016-01-02T20:01:25Z" depends-on-methods="org.springframework.test.context.testng.AbstractTestNGSpringContextTests.springTestContextBeforeTestClass" finished-at="2016-01-02T20:01:30Z">
          <reporter-output>
          </reporter-output>
        </test-method> <!-- springTestContextPrepareTestInstance -->
        <test-method status="PASS" signature="springTestContextBeforeTestClass()[pri:0, instance:com.javacodegeeks.testng.selenium.TestNGSeleniumDataDrivenSearchExample@5383967b]" name="springTestContextBeforeTestClass" is-config="true" duration-ms="0" started-at="2016-01-02T20:01:25Z" finished-at="2016-01-02T20:01:25Z">
          <reporter-output>
          </reporter-output>
        </test-method> <!-- springTestContextBeforeTestClass -->
        <test-method status="PASS" signature="printBrowserUsed()[pri:0, instance:com.javacodegeeks.testng.selenium.TestNGSeleniumDataDrivenSearchExample@5383967b]" name="printBrowserUsed" is-config="true" duration-ms="1" started-at="2016-01-02T20:01:30Z" finished-at="2016-01-02T20:01:30Z">
          <reporter-output>
          </reporter-output>
        </test-method> <!-- printBrowserUsed -->
        <test-method status="PASS" signature="searchGoogle(java.lang.String)[pri:0, instance:com.javacodegeeks.testng.selenium.TestNGSeleniumDataDrivenSearchExample@5383967b]" name="searchGoogle" duration-ms="2744" started-at="2016-01-02T20:01:30Z" data-provider="searchStrings" finished-at="2016-01-02T20:01:32Z">
          <params>
            <param index="0">
              <value>
                <![CDATA[TestNG]]>
              </value>
            </param>
          </params>
          <reporter-output>
          </reporter-output>
        </test-method> <!-- searchGoogle -->
        <test-method status="PASS" signature="springTestContextBeforeTestMethod(java.lang.reflect.Method)[pri:0, instance:com.javacodegeeks.testng.selenium.TestNGSeleniumDataDrivenSearchExample@5383967b]" name="springTestContextBeforeTestMethod" is-config="true" duration-ms="0" started-at="2016-01-02T20:01:30Z" finished-at="2016-01-02T20:01:30Z">
          <params>
            <param index="0">
              <value>
                <![CDATA[public void com.javacodegeeks.testng.selenium.TestNGSeleniumDataDrivenSearchExample.searchGoogle(java.lang.String)]]>
              </value>
            </param>
          </params>
          <reporter-output>
          </reporter-output>
        </test-method> <!-- springTestContextBeforeTestMethod -->
        <test-method status="PASS" signature="springTestContextAfterTestMethod(java.lang.reflect.Method)[pri:0, instance:com.javacodegeeks.testng.selenium.TestNGSeleniumDataDrivenSearchExample@5383967b]" name="springTestContextAfterTestMethod" is-config="true" duration-ms="2" started-at="2016-01-02T20:01:32Z" finished-at="2016-01-02T20:01:32Z">
          <params>
            <param index="0">
              <value>
                <![CDATA[public void com.javacodegeeks.testng.selenium.TestNGSeleniumDataDrivenSearchExample.searchGoogle(java.lang.String)]]>
              </value>
            </param>
          </params>
          <reporter-output>
          </reporter-output>
        </test-method> <!-- springTestContextAfterTestMethod -->
        <test-method status="PASS" signature="springTestContextBeforeTestMethod(java.lang.reflect.Method)[pri:0, instance:com.javacodegeeks.testng.selenium.TestNGSeleniumDataDrivenSearchExample@5383967b]" name="springTestContextBeforeTestMethod" is-config="true" duration-ms="1" started-at="2016-01-02T20:01:32Z" finished-at="2016-01-02T20:01:32Z">
          <params>
            <param index="0">
              <value>
                <![CDATA[public void com.javacodegeeks.testng.selenium.TestNGSeleniumDataDrivenSearchExample.searchGoogle(java.lang.String)]]>
              </value>
            </param>
          </params>
          <reporter-output>
          </reporter-output>
        </test-method> <!-- springTestContextBeforeTestMethod -->
        <test-method status="PASS" signature="searchGoogle(java.lang.String)[pri:0, instance:com.javacodegeeks.testng.selenium.TestNGSeleniumDataDrivenSearchExample@5383967b]" name="searchGoogle" duration-ms="3408" started-at="2016-01-02T20:01:32Z" data-provider="searchStrings" finished-at="2016-01-02T20:01:36Z">
          <params>
            <param index="0">
              <value>
                <![CDATA[Selenium]]>
              </value>
            </param>
          </params>
          <reporter-output>
          </reporter-output>
        </test-method> <!-- searchGoogle -->
        <test-method status="PASS" signature="springTestContextAfterTestMethod(java.lang.reflect.Method)[pri:0, instance:com.javacodegeeks.testng.selenium.TestNGSeleniumDataDrivenSearchExample@5383967b]" name="springTestContextAfterTestMethod" is-config="true" duration-ms="1" started-at="2016-01-02T20:01:36Z" finished-at="2016-01-02T20:01:36Z">
          <params>
            <param index="0">
              <value>
                <![CDATA[public void com.javacodegeeks.testng.selenium.TestNGSeleniumDataDrivenSearchExample.searchGoogle(java.lang.String)]]>
              </value>
            </param>
          </params>
          <reporter-output>
          </reporter-output>
        </test-method> <!-- springTestContextAfterTestMethod -->
        <test-method status="PASS" signature="springTestContextAfterTestClass()[pri:0, instance:com.javacodegeeks.testng.selenium.TestNGSeleniumDataDrivenSearchExample@5383967b]" name="springTestContextAfterTestClass" is-config="true" duration-ms="1" started-at="2016-01-02T20:01:36Z" finished-at="2016-01-02T20:01:36Z">
          <reporter-output>
          </reporter-output>
        </test-method> <!-- springTestContextAfterTestClass -->
        <test-method status="PASS" signature="quitDriver()[pri:0, instance:com.javacodegeeks.testng.selenium.TestNGSeleniumDataDrivenSearchExample@5383967b]" name="quitDriver" is-config="true" duration-ms="361" started-at="2016-01-02T20:02:06Z" finished-at="2016-01-02T20:02:07Z">
          <reporter-output>
          </reporter-output>
        </test-method> <!-- quitDriver -->
        <test-method status="PASS" signature="quitDriver()[pri:0, instance:com.javacodegeeks.testng.selenium.TestNGSeleniumDependentMethodExample@52a86356]" name="quitDriver" is-config="true" duration-ms="1" started-at="2016-01-02T20:02:07Z" finished-at="2016-01-02T20:02:07Z">
          <reporter-output>
          </reporter-output>
        </test-method> <!-- quitDriver -->
        <test-method status="PASS" signature="quitDriver()[pri:0, instance:com.javacodegeeks.testng.selenium.TestNGSeleniumDriverInjectionExample@20398b7c]" name="quitDriver" is-config="true" duration-ms="0" started-at="2016-01-02T20:02:07Z" finished-at="2016-01-02T20:02:07Z">
          <reporter-output>
          </reporter-output>
        </test-method> <!-- quitDriver -->
        <test-method status="PASS" signature="quitDriver()[pri:0, instance:com.javacodegeeks.testng.selenium.TestNGSeleniumSimpleSearchExample@21213b92]" name="quitDriver" is-config="true" duration-ms="381" started-at="2016-01-02T20:02:07Z" finished-at="2016-01-02T20:02:07Z">
          <reporter-output>
          </reporter-output>
        </test-method> <!-- quitDriver -->
        <test-method status="PASS" signature="quitDriver()[pri:0, instance:com.javacodegeeks.testng.selenium.TestNGSeleniumXpathExample@49993335]" name="quitDriver" is-config="true" duration-ms="315" started-at="2016-01-02T20:02:07Z" finished-at="2016-01-02T20:02:07Z">
          <reporter-output>
          </reporter-output>
        </test-method> <!-- quitDriver -->
      </class> <!-- com.javacodegeeks.testng.selenium.TestNGSeleniumDataDrivenSearchExample -->
    </test> <!-- Test -->
  </suite> <!-- Suite -->
</testng-results>
